0 info it worked if it ends with ok
1 verbose cli [ '/Users/bicccio/.nvm/versions/node/v6.7.0/bin/node',
1 verbose cli   '/Users/bicccio/.nvm/versions/node/v6.7.0/bin/npm',
1 verbose cli   'run',
1 verbose cli   'test' ]
2 info using npm@3.10.3
3 info using node@v6.7.0
4 verbose run-script [ 'pretest', 'test', 'posttest' ]
5 info lifecycle biccc-crawler@1.0.0~pretest: biccc-crawler@1.0.0
6 silly lifecycle biccc-crawler@1.0.0~pretest: no script for pretest, continuing
7 info lifecycle biccc-crawler@1.0.0~test: biccc-crawler@1.0.0
8 verbose lifecycle biccc-crawler@1.0.0~test: unsafe-perm in lifecycle true
9 verbose lifecycle biccc-crawler@1.0.0~test: PATH: /Users/bicccio/.nvm/versions/node/v6.7.0/lib/node_modules/npm/bin/node-gyp-bin:/Users/bicccio/Arena/biccc-crawler/node_modules/.bin:/Users/bicccio/.nvm/versions/node/v6.7.0/bin:/Users/bicccio/.nvm/versions/node/v6.7.0/bin:/usr/local/bin:/usr/bin:/bin:/usr/sbin:/sbin
10 verbose lifecycle biccc-crawler@1.0.0~test: CWD: /Users/bicccio/Arena/biccc-crawler
11 silly lifecycle biccc-crawler@1.0.0~test: Args: [ '-c',
11 silly lifecycle   'node_modules/mocha/bin/mocha --watch --watch-extensions js test' ]
12 silly lifecycle biccc-crawler@1.0.0~test: Returned: code: 1  signal: null
13 info lifecycle biccc-crawler@1.0.0~test: Failed to exec test script
14 verbose stack Error: biccc-crawler@1.0.0 test: `node_modules/mocha/bin/mocha --watch --watch-extensions js test`
14 verbose stack Exit status 1
14 verbose stack     at EventEmitter.<anonymous> (/Users/bicccio/.nvm/versions/node/v6.7.0/lib/node_modules/npm/lib/utils/lifecycle.js:242:16)
14 verbose stack     at emitTwo (events.js:106:13)
14 verbose stack     at EventEmitter.emit (events.js:191:7)
14 verbose stack     at ChildProcess.<anonymous> (/Users/bicccio/.nvm/versions/node/v6.7.0/lib/node_modules/npm/lib/utils/spawn.js:40:14)
14 verbose stack     at emitTwo (events.js:106:13)
14 verbose stack     at ChildProcess.emit (events.js:191:7)
14 verbose stack     at maybeClose (internal/child_process.js:877:16)
14 verbose stack     at Process.ChildProcess._handle.onexit (internal/child_process.js:226:5)
15 verbose pkgid biccc-crawler@1.0.0
16 verbose cwd /Users/bicccio/Arena/biccc-crawler
17 error Darwin 16.0.0
18 error argv "/Users/bicccio/.nvm/versions/node/v6.7.0/bin/node" "/Users/bicccio/.nvm/versions/node/v6.7.0/bin/npm" "run" "test"
19 error node v6.7.0
20 error npm  v3.10.3
21 error code ELIFECYCLE
22 error biccc-crawler@1.0.0 test: `node_modules/mocha/bin/mocha --watch --watch-extensions js test`
22 error Exit status 1
23 error Failed at the biccc-crawler@1.0.0 test script 'node_modules/mocha/bin/mocha --watch --watch-extensions js test'.
23 error Make sure you have the latest version of node.js and npm installed.
23 error If you do, this is most likely a problem with the biccc-crawler package,
23 error not with npm itself.
23 error Tell the author that this fails on your system:
23 error     node_modules/mocha/bin/mocha --watch --watch-extensions js test
23 error You can get information on how to open an issue for this project with:
23 error     npm bugs biccc-crawler
23 error Or if that isn't available, you can get their info via:
23 error     npm owner ls biccc-crawler
23 error There is likely additional logging output above.
24 verbose exit [ 1, true ]
